
C:\Users\vilok\OneDrive\Desktop\modified\stock-insights\src\app\company\[id]\page.tsx
   16:10  warning  'Decision' is defined but never used                                                                                    @typescript-eslint/no-unused-vars
   17:10  warning  'SentimentResult' is defined but never used                                                                             @typescript-eslint/no-unused-vars
  217:8   warning  React Hook useEffect has a missing dependency: 'fetchChartForPeriod'. Either include it or remove the dependency array  react-hooks/exhaustive-deps
  294:29  warning  Expected an assignment or function call and instead saw an expression                                                   @typescript-eslint/no-unused-expressions
  394:80  error    Unexpected any. Specify a different type                                                                                @typescript-eslint/no-explicit-any

C:\Users\vilok\OneDrive\Desktop\modified\stock-insights\src\app\futures\page.tsx
  39:52  error  Unexpected any. Specify a different type  @typescript-eslint/no-explicit-any
  40:48  error  Unexpected any. Specify a different type  @typescript-eslint/no-explicit-any

C:\Users\vilok\OneDrive\Desktop\modified\stock-insights\src\app\ipos\page.tsx
  6:58  warning  'IPO' is defined but never used  @typescript-eslint/no-unused-vars

C:\Users\vilok\OneDrive\Desktop\modified\stock-insights\src\app\login\page.tsx
  13:11  warning  'router' is assigned a value but never used   @typescript-eslint/no-unused-vars
  68:19  warning  'success' is assigned a value but never used  @typescript-eslint/no-unused-vars

C:\Users\vilok\OneDrive\Desktop\modified\stock-insights\src\app\news\page.tsx
   4:10  warning  'Newspaper' is defined but never used             @typescript-eslint/no-unused-vars
  11:7   warning  'GLOBAL_NEWS' is assigned a value but never used  @typescript-eslint/no-unused-vars
  59:38  error    Unexpected any. Specify a different type          @typescript-eslint/no-explicit-any
  70:55  error    Unexpected any. Specify a different type          @typescript-eslint/no-explicit-any

C:\Users\vilok\OneDrive\Desktop\modified\stock-insights\src\app\page.tsx
  661:7  warning  Unused eslint-disable directive (no problems were reported from 'react-hooks/set-state-in-effect')
  731:5  warning  Unused eslint-disable directive (no problems were reported from 'react-hooks/set-state-in-effect')

C:\Users\vilok\OneDrive\Desktop\modified\stock-insights\src\app\portfolio\page.tsx
    4:10  warning  'ArrowUpRight' is defined but never used                                                                      @typescript-eslint/no-unused-vars
    4:24  warning  'ArrowDownRight' is defined but never used                                                                    @typescript-eslint/no-unused-vars
    4:40  warning  'PieChart' is defined but never used                                                                          @typescript-eslint/no-unused-vars
  129:8   warning  React Hook useEffect has a missing dependency: 'portfolio'. Either include it or remove the dependency array  react-hooks/exhaustive-deps

C:\Users\vilok\OneDrive\Desktop\modified\stock-insights\src\app\watchlist\page.tsx
    8:11  warning  'StockData' is defined but never used                                                                          @typescript-eslint/no-unused-vars
   17:65  error    Unexpected any. Specify a different type                                                                       @typescript-eslint/no-explicit-any
   48:21  error    'quotes' is never reassigned. Use 'const' instead                                                              prefer-const
   58:47  error    Unexpected any. Specify a different type                                                                       @typescript-eslint/no-explicit-any
   86:63  warning  '_' is defined but never used                                                                                  @typescript-eslint/no-unused-vars
   86:66  warning  'i' is defined but never used                                                                                  @typescript-eslint/no-unused-vars
  113:8   warning  React Hook useEffect has a missing dependency: 'stocksData'. Either include it or remove the dependency array  react-hooks/exhaustive-deps

C:\Users\vilok\OneDrive\Desktop\modified\stock-insights\src\components\GoogleLoginModal.tsx
  5:10  warning  'X' is defined but never used  @typescript-eslint/no-unused-vars

C:\Users\vilok\OneDrive\Desktop\modified\stock-insights\src\components\MarketTicker.tsx
  74:8  warning  React Hook React.useEffect has a missing dependency: 'tickerData'. Either include it or remove the dependency array  react-hooks/exhaustive-deps

C:\Users\vilok\OneDrive\Desktop\modified\stock-insights\src\components\Sidebar.tsx
  11:5  warning  'Settings' is defined but never used  @typescript-eslint/no-unused-vars

C:\Users\vilok\OneDrive\Desktop\modified\stock-insights\src\components\StockCard.tsx
  114:25  warning  Expected an assignment or function call and instead saw an expression  @typescript-eslint/no-unused-expressions

C:\Users\vilok\OneDrive\Desktop\modified\stock-insights\src\components\company\News.tsx
  4:37  warning  'ChevronUp' is defined but never used  @typescript-eslint/no-unused-vars

C:\Users\vilok\OneDrive\Desktop\modified\stock-insights\src\components\company\TradingChart.tsx
   26:52  error    Unexpected any. Specify a different type            @typescript-eslint/no-explicit-any
   29:11  warning  'suggestionRef' is assigned a value but never used  @typescript-eslint/no-unused-vars
   36:24  error    Unexpected any. Specify a different type            @typescript-eslint/no-explicit-any
  109:24  error    Unexpected any. Specify a different type            @typescript-eslint/no-explicit-any
  166:34  error    Unexpected any. Specify a different type            @typescript-eslint/no-explicit-any
  255:48  error    Unexpected any. Specify a different type            @typescript-eslint/no-explicit-any

C:\Users\vilok\OneDrive\Desktop\modified\stock-insights\src\components\futures\FuturesCard.tsx
  5:40  warning  'TrendingUp' is defined but never used  @typescript-eslint/no-unused-vars

C:\Users\vilok\OneDrive\Desktop\modified\stock-insights\src\lib\api.ts
    1:7   warning  'API_KEY' is assigned a value but never used   @typescript-eslint/no-unused-vars
    2:7   warning  'BASE_URL' is assigned a value but never used  @typescript-eslint/no-unused-vars
  214:50  error    Unexpected any. Specify a different type       @typescript-eslint/no-explicit-any
  228:60  error    Unexpected any. Specify a different type       @typescript-eslint/no-explicit-any

C:\Users\vilok\OneDrive\Desktop\modified\stock-insights\src\lib\db.ts
  22:5  warning  Unused eslint-disable directive (no problems were reported from 'no-var')
  26:5  error    'cached' is never reassigned. Use 'const' instead                          prefer-const

Γ£û 45 problems (16 errors, 29 warnings)
  2 errors and 3 warnings potentially fixable with the `--fix` option.

